running egg_info
creating ../build/flysky_control/flysky_control.egg-info
writing ../build/flysky_control/flysky_control.egg-info/PKG-INFO
writing dependency_links to ../build/flysky_control/flysky_control.egg-info/dependency_links.txt
writing requirements to ../build/flysky_control/flysky_control.egg-info/requires.txt
writing top-level names to ../build/flysky_control/flysky_control.egg-info/top_level.txt
writing manifest file '../build/flysky_control/flysky_control.egg-info/SOURCES.txt'
reading manifest file '../build/flysky_control/flysky_control.egg-info/SOURCES.txt'
writing manifest file '../build/flysky_control/flysky_control.egg-info/SOURCES.txt'
running build
running build_py
creating /home/livan/ros2_ws/src/build/flysky_control/build
creating /home/livan/ros2_ws/src/build/flysky_control/build/lib
creating /home/livan/ros2_ws/src/build/flysky_control/build/lib/flysky_control
copying flysky_control/__init__.py -> /home/livan/ros2_ws/src/build/flysky_control/build/lib/flysky_control
running install
running install_lib
creating /home/livan/ros2_ws/src/install/flysky_control/lib/python3.12/site-packages/flysky_control
copying /home/livan/ros2_ws/src/build/flysky_control/build/lib/flysky_control/__init__.py -> /home/livan/ros2_ws/src/install/flysky_control/lib/python3.12/site-packages/flysky_control
byte-compiling /home/livan/ros2_ws/src/install/flysky_control/lib/python3.12/site-packages/flysky_control/__init__.py to __init__.cpython-312.pyc
running install_data
creating /home/livan/ros2_ws/src/install/flysky_control/share/ament_index
creating /home/livan/ros2_ws/src/install/flysky_control/share/ament_index/resource_index
creating /home/livan/ros2_ws/src/install/flysky_control/share/ament_index/resource_index/packages
copying resource/flysky_control -> /home/livan/ros2_ws/src/install/flysky_control/share/ament_index/resource_index/packages
copying package.xml -> /home/livan/ros2_ws/src/install/flysky_control/share/flysky_control
running install_egg_info
Copying ../build/flysky_control/flysky_control.egg-info to /home/livan/ros2_ws/src/install/flysky_control/lib/python3.12/site-packages/flysky_control-0.0.0-py3.12.egg-info
running install_scripts
writing list of installed files to '/home/livan/ros2_ws/src/build/flysky_control/install.log'
