[1.497s] Invoking command in '/home/livan/ros2_ws/src/flysky_control': PYTHONPATH=/home/livan/ros2_ws/src/build/flysky_control/prefix_override:/usr/lib/python3/dist-packages/colcon_core/task/python/colcon_distutils_commands:/home/livan/ros2_ws/src/install/flysky_control/lib/python3.12/site-packages:${PYTHONPATH} /usr/bin/python3 -W ignore:setup.py install is deprecated -W ignore:easy_install command is deprecated setup.py egg_info --egg-base ../build/flysky_control build --build-base /home/livan/ros2_ws/src/build/flysky_control/build install --record /home/livan/ros2_ws/src/build/flysky_control/install.log --single-version-externally-managed install_data
[1.848s] running egg_info
[1.849s] creating ../build/flysky_control/flysky_control.egg-info
[1.871s] writing ../build/flysky_control/flysky_control.egg-info/PKG-INFO
[1.872s] writing dependency_links to ../build/flysky_control/flysky_control.egg-info/dependency_links.txt
[1.872s] writing requirements to ../build/flysky_control/flysky_control.egg-info/requires.txt
[1.872s] writing top-level names to ../build/flysky_control/flysky_control.egg-info/top_level.txt
[1.872s] writing manifest file '../build/flysky_control/flysky_control.egg-info/SOURCES.txt'
[1.920s] reading manifest file '../build/flysky_control/flysky_control.egg-info/SOURCES.txt'
[1.921s] writing manifest file '../build/flysky_control/flysky_control.egg-info/SOURCES.txt'
[1.921s] running build
[1.921s] running build_py
[1.921s] creating /home/livan/ros2_ws/src/build/flysky_control/build
[1.921s] creating /home/livan/ros2_ws/src/build/flysky_control/build/lib
[1.922s] creating /home/livan/ros2_ws/src/build/flysky_control/build/lib/flysky_control
[1.922s] copying flysky_control/__init__.py -> /home/livan/ros2_ws/src/build/flysky_control/build/lib/flysky_control
[1.922s] running install
[1.931s] running install_lib
[1.955s] creating /home/livan/ros2_ws/src/install/flysky_control/lib/python3.12/site-packages/flysky_control
[1.955s] copying /home/livan/ros2_ws/src/build/flysky_control/build/lib/flysky_control/__init__.py -> /home/livan/ros2_ws/src/install/flysky_control/lib/python3.12/site-packages/flysky_control
[1.956s] byte-compiling /home/livan/ros2_ws/src/install/flysky_control/lib/python3.12/site-packages/flysky_control/__init__.py to __init__.cpython-312.pyc
[1.956s] running install_data
[1.956s] creating /home/livan/ros2_ws/src/install/flysky_control/share/ament_index
[1.956s] creating /home/livan/ros2_ws/src/install/flysky_control/share/ament_index/resource_index
[1.956s] creating /home/livan/ros2_ws/src/install/flysky_control/share/ament_index/resource_index/packages
[1.956s] copying resource/flysky_control -> /home/livan/ros2_ws/src/install/flysky_control/share/ament_index/resource_index/packages
[1.957s] copying package.xml -> /home/livan/ros2_ws/src/install/flysky_control/share/flysky_control
[1.957s] running install_egg_info
[1.983s] Copying ../build/flysky_control/flysky_control.egg-info to /home/livan/ros2_ws/src/install/flysky_control/lib/python3.12/site-packages/flysky_control-0.0.0-py3.12.egg-info
[1.984s] running install_scripts
[2.154s] writing list of installed files to '/home/livan/ros2_ws/src/build/flysky_control/install.log'
[2.255s] Invoked command in '/home/livan/ros2_ws/src/flysky_control' returned '0': PYTHONPATH=/home/livan/ros2_ws/src/build/flysky_control/prefix_override:/usr/lib/python3/dist-packages/colcon_core/task/python/colcon_distutils_commands:/home/livan/ros2_ws/src/install/flysky_control/lib/python3.12/site-packages:${PYTHONPATH} /usr/bin/python3 -W ignore:setup.py install is deprecated -W ignore:easy_install command is deprecated setup.py egg_info --egg-base ../build/flysky_control build --build-base /home/livan/ros2_ws/src/build/flysky_control/build install --record /home/livan/ros2_ws/src/build/flysky_control/install.log --single-version-externally-managed install_data
