[1.101s] Invoking command in '/home/livan/ros2_ws/src/roover_serial_node': PYTHONPATH=/home/livan/ros2_ws/src/build/roover_serial_node/prefix_override:/usr/lib/python3/dist-packages/colcon_core/task/python/colcon_distutils_commands:/home/livan/ros2_ws/src/install/roover_serial_node/lib/python3.12/site-packages:${PYTHONPATH} /usr/bin/python3 -W ignore:setup.py install is deprecated -W ignore:easy_install command is deprecated setup.py egg_info --egg-base ../build/roover_serial_node build --build-base /home/livan/ros2_ws/src/build/roover_serial_node/build install --record /home/livan/ros2_ws/src/build/roover_serial_node/install.log --single-version-externally-managed install_data
[1.431s] running egg_info
[1.453s] writing ../build/roover_serial_node/roover_serial_node.egg-info/PKG-INFO
[1.453s] writing dependency_links to ../build/roover_serial_node/roover_serial_node.egg-info/dependency_links.txt
[1.454s] writing entry points to ../build/roover_serial_node/roover_serial_node.egg-info/entry_points.txt
[1.455s] writing requirements to ../build/roover_serial_node/roover_serial_node.egg-info/requires.txt
[1.456s] writing top-level names to ../build/roover_serial_node/roover_serial_node.egg-info/top_level.txt
[1.504s] reading manifest file '../build/roover_serial_node/roover_serial_node.egg-info/SOURCES.txt'
[1.505s] writing manifest file '../build/roover_serial_node/roover_serial_node.egg-info/SOURCES.txt'
[1.506s] running build
[1.506s] running build_py
[1.506s] copying roover_serial_node/serial_bridge.py -> /home/livan/ros2_ws/src/build/roover_serial_node/build/lib/roover_serial_node
[1.506s] running install
[1.515s] running install_lib
[1.538s] copying /home/livan/ros2_ws/src/build/roover_serial_node/build/lib/roover_serial_node/serial_bridge.py -> /home/livan/ros2_ws/src/install/roover_serial_node/lib/python3.12/site-packages/roover_serial_node
[1.539s] byte-compiling /home/livan/ros2_ws/src/install/roover_serial_node/lib/python3.12/site-packages/roover_serial_node/serial_bridge.py to serial_bridge.cpython-312.pyc
[1.540s] running install_data
[1.540s] running install_egg_info
[1.565s] removing '/home/livan/ros2_ws/src/install/roover_serial_node/lib/python3.12/site-packages/roover_serial_node-0.1.0-py3.12.egg-info' (and everything under it)
[1.566s] Copying ../build/roover_serial_node/roover_serial_node.egg-info to /home/livan/ros2_ws/src/install/roover_serial_node/lib/python3.12/site-packages/roover_serial_node-0.1.0-py3.12.egg-info
[1.567s] running install_scripts
[1.731s] Installing serial_bridge script to /home/livan/ros2_ws/src/install/roover_serial_node/lib/roover_serial_node
[1.731s] writing list of installed files to '/home/livan/ros2_ws/src/build/roover_serial_node/install.log'
[1.806s] Invoked command in '/home/livan/ros2_ws/src/roover_serial_node' returned '0': PYTHONPATH=/home/livan/ros2_ws/src/build/roover_serial_node/prefix_override:/usr/lib/python3/dist-packages/colcon_core/task/python/colcon_distutils_commands:/home/livan/ros2_ws/src/install/roover_serial_node/lib/python3.12/site-packages:${PYTHONPATH} /usr/bin/python3 -W ignore:setup.py install is deprecated -W ignore:easy_install command is deprecated setup.py egg_info --egg-base ../build/roover_serial_node build --build-base /home/livan/ros2_ws/src/build/roover_serial_node/build install --record /home/livan/ros2_ws/src/build/roover_serial_node/install.log --single-version-externally-managed install_data
