[0.147s] DEBUG:colcon:Command line arguments: ['/usr/bin/colcon', 'build', '--packages-select', 'roover_serial_node']
[0.147s] DEBUG:colcon:Parsed command line arguments: Namespace(log_base=None, log_level=None, verb_name='build', build_base='build', install_base='install', merge_install=False, symlink_install=False, test_result_base=None, continue_on_error=False, executor='parallel', parallel_workers=4, event_handlers=None, ignore_user_meta=False, metas=['./colcon.meta'], base_paths=['.'], packages_ignore=None, packages_ignore_regex=None, paths=None, packages_up_to=None, packages_up_to_regex=None, packages_above=None, packages_above_and_dependencies=None, packages_above_depth=None, packages_select_by_dep=None, packages_skip_by_dep=None, packages_skip_up_to=None, packages_select_build_failed=False, packages_skip_build_finished=False, packages_select_test_failures=False, packages_skip_test_passed=False, packages_select=['roover_serial_node'], packages_skip=None, packages_select_regex=None, packages_skip_regex=None, packages_start=None, packages_end=None, allow_overriding=[], cmake_args=None, cmake_target=None, cmake_target_skip_unavailable=False, cmake_clean_cache=False, cmake_clean_first=False, cmake_force_configure=False, ament_cmake_args=None, catkin_cmake_args=None, catkin_skip_building_tests=False, mixin_files=None, mixin=None, verb_parser=<colcon_mixin.mixin.mixin_argument.MixinArgumentDecorator object at 0xffffb8419c40>, verb_extension=<colcon_core.verb.build.BuildVerb object at 0xffffb8419a00>, main=<bound method BuildVerb.main of <colcon_core.verb.build.BuildVerb object at 0xffffb8419a00>>, mixin_verb=('build',))
[0.203s] Level 1:colcon.colcon_core.package_discovery:discover_packages(colcon_meta) check parameters
[0.203s] Level 1:colcon.colcon_core.package_discovery:discover_packages(recursive) check parameters
[0.203s] Level 1:colcon.colcon_core.package_discovery:discover_packages(ignore) check parameters
[0.204s] Level 1:colcon.colcon_core.package_discovery:discover_packages(path) check parameters
[0.204s] Level 1:colcon.colcon_core.package_discovery:discover_packages(colcon_meta) discover
[0.204s] Level 1:colcon.colcon_core.package_discovery:discover_packages(recursive) discover
[0.204s] INFO:colcon.colcon_core.package_discovery:Crawling recursively for packages in '/home/livan/ros2_ws/src'
[0.204s] Level 1:colcon.colcon_core.package_identification:_identify(.) by extensions ['ignore', 'ignore_ament_install']
[0.204s] Level 1:colcon.colcon_core.package_identification:_identify(.) by extension 'ignore'
[0.204s] Level 1:colcon.colcon_core.package_identification:_identify(.) by extension 'ignore_ament_install'
[0.204s] Level 1:colcon.colcon_core.package_identification:_identify(.) by extensions ['colcon_pkg']
[0.204s] Level 1:colcon.colcon_core.package_identification:_identify(.) by extension 'colcon_pkg'
[0.204s] Level 1:colcon.colcon_core.package_identification:_identify(.) by extensions ['colcon_meta']
[0.204s] Level 1:colcon.colcon_core.package_identification:_identify(.) by extension 'colcon_meta'
[0.204s] Level 1:colcon.colcon_core.package_identification:_identify(.) by extensions ['ros']
[0.204s] Level 1:colcon.colcon_core.package_identification:_identify(.) by extension 'ros'
[0.241s] Level 1:colcon.colcon_core.package_identification:_identify(.) by extensions ['cmake', 'python']
[0.241s] Level 1:colcon.colcon_core.package_identification:_identify(.) by extension 'cmake'
[0.241s] Level 1:colcon.colcon_core.package_identification:_identify(.) by extension 'python'
[0.241s] Level 1:colcon.colcon_core.package_identification:_identify(.) by extensions ['python_setup_py']
[0.241s] Level 1:colcon.colcon_core.package_identification:_identify(.) by extension 'python_setup_py'
[0.241s] Level 1:colcon.colcon_core.package_identification:_identify(build) by extensions ['ignore', 'ignore_ament_install']
[0.241s] Level 1:colcon.colcon_core.package_identification:_identify(build) by extension 'ignore'
[0.241s] Level 1:colcon.colcon_core.package_identification:_identify(build) ignored
[0.241s] Level 1:colcon.colcon_core.package_identification:_identify(flysky_control) by extensions ['ignore', 'ignore_ament_install']
[0.241s] Level 1:colcon.colcon_core.package_identification:_identify(flysky_control) by extension 'ignore'
[0.242s] Level 1:colcon.colcon_core.package_identification:_identify(flysky_control) by extension 'ignore_ament_install'
[0.242s] Level 1:colcon.colcon_core.package_identification:_identify(flysky_control) by extensions ['colcon_pkg']
[0.242s] Level 1:colcon.colcon_core.package_identification:_identify(flysky_control) by extension 'colcon_pkg'
[0.242s] Level 1:colcon.colcon_core.package_identification:_identify(flysky_control) by extensions ['colcon_meta']
[0.242s] Level 1:colcon.colcon_core.package_identification:_identify(flysky_control) by extension 'colcon_meta'
[0.242s] Level 1:colcon.colcon_core.package_identification:_identify(flysky_control) by extensions ['ros']
[0.242s] Level 1:colcon.colcon_core.package_identification:_identify(flysky_control) by extension 'ros'
[0.245s] DEBUG:colcon.colcon_core.package_identification:Package 'flysky_control' with type 'ros.ament_python' and name 'flysky_control'
[0.245s] Level 1:colcon.colcon_core.package_identification:_identify(install) by extensions ['ignore', 'ignore_ament_install']
[0.245s] Level 1:colcon.colcon_core.package_identification:_identify(install) by extension 'ignore'
[0.245s] Level 1:colcon.colcon_core.package_identification:_identify(install) ignored
[0.245s] Level 1:colcon.colcon_core.package_identification:_identify(log) by extensions ['ignore', 'ignore_ament_install']
[0.245s] Level 1:colcon.colcon_core.package_identification:_identify(log) by extension 'ignore'
[0.245s] Level 1:colcon.colcon_core.package_identification:_identify(log) ignored
[0.245s] Level 1:colcon.colcon_core.package_identification:_identify(roover_serial_node) by extensions ['ignore', 'ignore_ament_install']
[0.245s] Level 1:colcon.colcon_core.package_identification:_identify(roover_serial_node) by extension 'ignore'
[0.246s] Level 1:colcon.colcon_core.package_identification:_identify(roover_serial_node) by extension 'ignore_ament_install'
[0.246s] Level 1:colcon.colcon_core.package_identification:_identify(roover_serial_node) by extensions ['colcon_pkg']
[0.246s] Level 1:colcon.colcon_core.package_identification:_identify(roover_serial_node) by extension 'colcon_pkg'
[0.246s] Level 1:colcon.colcon_core.package_identification:_identify(roover_serial_node) by extensions ['colcon_meta']
[0.246s] Level 1:colcon.colcon_core.package_identification:_identify(roover_serial_node) by extension 'colcon_meta'
[0.246s] Level 1:colcon.colcon_core.package_identification:_identify(roover_serial_node) by extensions ['ros']
[0.246s] Level 1:colcon.colcon_core.package_identification:_identify(roover_serial_node) by extension 'ros'
[0.246s] DEBUG:colcon.colcon_core.package_identification:Package 'roover_serial_node' with type 'ros.ament_python' and name 'roover_serial_node'
[0.246s] Level 1:colcon.colcon_core.package_discovery:discover_packages(recursive) using defaults
[0.247s] Level 1:colcon.colcon_core.package_discovery:discover_packages(ignore) discover
[0.247s] Level 1:colcon.colcon_core.package_discovery:discover_packages(ignore) using defaults
[0.247s] Level 1:colcon.colcon_core.package_discovery:discover_packages(path) discover
[0.247s] Level 1:colcon.colcon_core.package_discovery:discover_packages(path) using defaults
[0.269s] INFO:colcon.colcon_core.package_selection:Skipping not selected package 'flysky_control' in 'flysky_control'
[0.269s] Level 1:colcon.colcon_core.package_discovery:discover_packages(prefix_path) check parameters
[0.270s] Level 1:colcon.colcon_core.package_discovery:discover_packages(prefix_path) discover
[0.272s] DEBUG:colcon.colcon_installed_package_information.package_discovery:Found 196 installed packages in /opt/ros/jazzy
[0.273s] Level 1:colcon.colcon_core.package_discovery:discover_packages(prefix_path) using defaults
[0.313s] Level 5:colcon.colcon_core.verb:set package 'roover_serial_node' build argument 'cmake_args' from command line to 'None'
[0.314s] Level 5:colcon.colcon_core.verb:set package 'roover_serial_node' build argument 'cmake_target' from command line to 'None'
[0.314s] Level 5:colcon.colcon_core.verb:set package 'roover_serial_node' build argument 'cmake_target_skip_unavailable' from command line to 'False'
[0.314s] Level 5:colcon.colcon_core.verb:set package 'roover_serial_node' build argument 'cmake_clean_cache' from command line to 'False'
[0.314s] Level 5:colcon.colcon_core.verb:set package 'roover_serial_node' build argument 'cmake_clean_first' from command line to 'False'
[0.314s] Level 5:colcon.colcon_core.verb:set package 'roover_serial_node' build argument 'cmake_force_configure' from command line to 'False'
[0.314s] Level 5:colcon.colcon_core.verb:set package 'roover_serial_node' build argument 'ament_cmake_args' from command line to 'None'
[0.314s] Level 5:colcon.colcon_core.verb:set package 'roover_serial_node' build argument 'catkin_cmake_args' from command line to 'None'
[0.314s] Level 5:colcon.colcon_core.verb:set package 'roover_serial_node' build argument 'catkin_skip_building_tests' from command line to 'False'
[0.314s] DEBUG:colcon.colcon_core.verb:Building package 'roover_serial_node' with the following arguments: {'ament_cmake_args': None, 'build_base': '/home/livan/ros2_ws/src/build/roover_serial_node', 'catkin_cmake_args': None, 'catkin_skip_building_tests': False, 'cmake_args': None, 'cmake_clean_cache': False, 'cmake_clean_first': False, 'cmake_force_configure': False, 'cmake_target': None, 'cmake_target_skip_unavailable': False, 'install_base': '/home/livan/ros2_ws/src/install/roover_serial_node', 'merge_install': False, 'path': '/home/livan/ros2_ws/src/roover_serial_node', 'symlink_install': False, 'test_result_base': None}
[0.314s] INFO:colcon.colcon_core.executor:Executing jobs using 'parallel' executor
[0.315s] DEBUG:colcon.colcon_parallel_executor.executor.parallel:run_until_complete
[0.316s] INFO:colcon.colcon_ros.task.ament_python.build:Building ROS package in '/home/livan/ros2_ws/src/roover_serial_node' with build type 'ament_python'
[0.316s] Level 1:colcon.colcon_core.shell:create_environment_hook('roover_serial_node', 'ament_prefix_path')
[0.318s] INFO:colcon.colcon_core.plugin_system:Skipping extension 'colcon_core.shell.bat': Not used on non-Windows systems
[0.318s] INFO:colcon.colcon_core.shell:Creating environment hook '/home/livan/ros2_ws/src/install/roover_serial_node/share/roover_serial_node/hook/ament_prefix_path.ps1'
[0.320s] INFO:colcon.colcon_core.shell:Creating environment descriptor '/home/livan/ros2_ws/src/install/roover_serial_node/share/roover_serial_node/hook/ament_prefix_path.dsv'
[0.321s] INFO:colcon.colcon_core.shell:Creating environment hook '/home/livan/ros2_ws/src/install/roover_serial_node/share/roover_serial_node/hook/ament_prefix_path.sh'
[0.322s] INFO:colcon.colcon_core.shell:Skip shell extension 'powershell' for command environment: Not usable outside of PowerShell
[0.322s] DEBUG:colcon.colcon_core.shell:Skip shell extension 'dsv' for command environment
[0.668s] INFO:colcon.colcon_core.task.python.build:Building Python package in '/home/livan/ros2_ws/src/roover_serial_node'
[0.668s] INFO:colcon.colcon_core.shell:Skip shell extension 'powershell' for command environment: Not usable outside of PowerShell
[0.668s] DEBUG:colcon.colcon_core.shell:Skip shell extension 'dsv' for command environment
[2.637s] DEBUG:colcon.colcon_core.event_handler.log_command:Invoking command in '/home/livan/ros2_ws/src/roover_serial_node': PYTHONPATH=/home/livan/ros2_ws/src/build/roover_serial_node/prefix_override:/usr/lib/python3/dist-packages/colcon_core/task/python/colcon_distutils_commands:/home/livan/ros2_ws/src/install/roover_serial_node/lib/python3.12/site-packages:${PYTHONPATH} /usr/bin/python3 -W ignore:setup.py install is deprecated -W ignore:easy_install command is deprecated setup.py egg_info --egg-base ../build/roover_serial_node build --build-base /home/livan/ros2_ws/src/build/roover_serial_node/build install --record /home/livan/ros2_ws/src/build/roover_serial_node/install.log --single-version-externally-managed install_data
[3.339s] DEBUG:colcon.colcon_core.event_handler.log_command:Invoked command in '/home/livan/ros2_ws/src/roover_serial_node' returned '0': PYTHONPATH=/home/livan/ros2_ws/src/build/roover_serial_node/prefix_override:/usr/lib/python3/dist-packages/colcon_core/task/python/colcon_distutils_commands:/home/livan/ros2_ws/src/install/roover_serial_node/lib/python3.12/site-packages:${PYTHONPATH} /usr/bin/python3 -W ignore:setup.py install is deprecated -W ignore:easy_install command is deprecated setup.py egg_info --egg-base ../build/roover_serial_node build --build-base /home/livan/ros2_ws/src/build/roover_serial_node/build install --record /home/livan/ros2_ws/src/build/roover_serial_node/install.log --single-version-externally-managed install_data
[3.341s] Level 1:colcon.colcon_core.environment:checking '/home/livan/ros2_ws/src/install/roover_serial_node' for CMake module files
[3.342s] Level 1:colcon.colcon_core.environment:checking '/home/livan/ros2_ws/src/install/roover_serial_node' for CMake config files
[3.342s] Level 1:colcon.colcon_core.environment:checking '/home/livan/ros2_ws/src/install/roover_serial_node/lib'
[3.343s] Level 1:colcon.colcon_core.environment:checking '/home/livan/ros2_ws/src/install/roover_serial_node/bin'
[3.343s] Level 1:colcon.colcon_core.environment:checking '/home/livan/ros2_ws/src/install/roover_serial_node/lib/pkgconfig/roover_serial_node.pc'
[3.343s] Level 1:colcon.colcon_core.environment:checking '/home/livan/ros2_ws/src/install/roover_serial_node/lib/python3.12/site-packages'
[3.343s] Level 1:colcon.colcon_core.shell:create_environment_hook('roover_serial_node', 'pythonpath')
[3.343s] INFO:colcon.colcon_core.shell:Creating environment hook '/home/livan/ros2_ws/src/install/roover_serial_node/share/roover_serial_node/hook/pythonpath.ps1'
[3.344s] INFO:colcon.colcon_core.shell:Creating environment descriptor '/home/livan/ros2_ws/src/install/roover_serial_node/share/roover_serial_node/hook/pythonpath.dsv'
[3.344s] INFO:colcon.colcon_core.shell:Creating environment hook '/home/livan/ros2_ws/src/install/roover_serial_node/share/roover_serial_node/hook/pythonpath.sh'
[3.345s] Level 1:colcon.colcon_core.environment:checking '/home/livan/ros2_ws/src/install/roover_serial_node/bin'
[3.345s] Level 1:colcon.colcon_core.environment:create_environment_scripts_only(roover_serial_node)
[3.345s] INFO:colcon.colcon_core.shell:Creating package script '/home/livan/ros2_ws/src/install/roover_serial_node/share/roover_serial_node/package.ps1'
[3.346s] INFO:colcon.colcon_core.shell:Creating package descriptor '/home/livan/ros2_ws/src/install/roover_serial_node/share/roover_serial_node/package.dsv'
[3.347s] INFO:colcon.colcon_core.shell:Creating package script '/home/livan/ros2_ws/src/install/roover_serial_node/share/roover_serial_node/package.sh'
[3.347s] INFO:colcon.colcon_core.shell:Creating package script '/home/livan/ros2_ws/src/install/roover_serial_node/share/roover_serial_node/package.bash'
[3.348s] INFO:colcon.colcon_core.shell:Creating package script '/home/livan/ros2_ws/src/install/roover_serial_node/share/roover_serial_node/package.zsh'
[3.349s] Level 1:colcon.colcon_core.environment:create_file_with_runtime_dependencies(/home/livan/ros2_ws/src/install/roover_serial_node/share/colcon-core/packages/roover_serial_node)
[3.349s] DEBUG:colcon.colcon_parallel_executor.executor.parallel:closing loop
[3.350s] DEBUG:colcon.colcon_parallel_executor.executor.parallel:loop closed
[3.350s] DEBUG:colcon.colcon_parallel_executor.executor.parallel:run_until_complete finished with '0'
[3.350s] DEBUG:colcon.colcon_core.event_reactor:joining thread
[3.357s] INFO:colcon.colcon_core.plugin_system:Skipping extension 'colcon_notification.desktop_notification.notify_send': Could not find 'notify-send'
[3.357s] INFO:colcon.colcon_core.plugin_system:Skipping extension 'colcon_notification.desktop_notification.terminal_notifier': Not used on non-Darwin systems
[3.357s] INFO:colcon.colcon_core.plugin_system:Skipping extension 'colcon_notification.desktop_notification.win32': Not used on non-Windows systems
[3.357s] INFO:colcon.colcon_notification.desktop_notification:Sending desktop notification using 'notify2'
[3.358s] DEBUG:colcon.colcon_notification.desktop_notification.notify2:Failed to initialize notify2: org.freedesktop.DBus.Error.ServiceUnknown: The name org.freedesktop.Notifications was not provided by any .service files
[3.358s] DEBUG:colcon.colcon_core.event_reactor:joined thread
[3.359s] INFO:colcon.colcon_core.shell:Creating prefix script '/home/livan/ros2_ws/src/install/local_setup.ps1'
[3.360s] INFO:colcon.colcon_core.shell:Creating prefix util module '/home/livan/ros2_ws/src/install/_local_setup_util_ps1.py'
[3.361s] INFO:colcon.colcon_core.shell:Creating prefix chain script '/home/livan/ros2_ws/src/install/setup.ps1'
[3.362s] INFO:colcon.colcon_core.shell:Creating prefix script '/home/livan/ros2_ws/src/install/local_setup.sh'
[3.363s] INFO:colcon.colcon_core.shell:Creating prefix util module '/home/livan/ros2_ws/src/install/_local_setup_util_sh.py'
[3.363s] INFO:colcon.colcon_core.shell:Creating prefix chain script '/home/livan/ros2_ws/src/install/setup.sh'
[3.364s] INFO:colcon.colcon_core.shell:Creating prefix script '/home/livan/ros2_ws/src/install/local_setup.bash'
[3.365s] INFO:colcon.colcon_core.shell:Creating prefix chain script '/home/livan/ros2_ws/src/install/setup.bash'
[3.366s] INFO:colcon.colcon_core.shell:Creating prefix script '/home/livan/ros2_ws/src/install/local_setup.zsh'
[3.366s] INFO:colcon.colcon_core.shell:Creating prefix chain script '/home/livan/ros2_ws/src/install/setup.zsh'
