running egg_info
creating ../build/roover_serial_node/roover_serial_node.egg-info
writing ../build/roover_serial_node/roover_serial_node.egg-info/PKG-INFO
writing dependency_links to ../build/roover_serial_node/roover_serial_node.egg-info/dependency_links.txt
writing entry points to ../build/roover_serial_node/roover_serial_node.egg-info/entry_points.txt
writing requirements to ../build/roover_serial_node/roover_serial_node.egg-info/requires.txt
writing top-level names to ../build/roover_serial_node/roover_serial_node.egg-info/top_level.txt
writing manifest file '../build/roover_serial_node/roover_serial_node.egg-info/SOURCES.txt'
reading manifest file '../build/roover_serial_node/roover_serial_node.egg-info/SOURCES.txt'
writing manifest file '../build/roover_serial_node/roover_serial_node.egg-info/SOURCES.txt'
running build
running build_py
creating /home/livan/ros2_ws/src/build/roover_serial_node/build
creating /home/livan/ros2_ws/src/build/roover_serial_node/build/lib
creating /home/livan/ros2_ws/src/build/roover_serial_node/build/lib/roover_serial_node
copying roover_serial_node/serial_bridge.py -> /home/livan/ros2_ws/src/build/roover_serial_node/build/lib/roover_serial_node
copying roover_serial_node/__init__.py -> /home/livan/ros2_ws/src/build/roover_serial_node/build/lib/roover_serial_node
running install
running install_lib
creating /home/livan/ros2_ws/src/install/roover_serial_node/lib/python3.12/site-packages/roover_serial_node
copying /home/livan/ros2_ws/src/build/roover_serial_node/build/lib/roover_serial_node/serial_bridge.py -> /home/livan/ros2_ws/src/install/roover_serial_node/lib/python3.12/site-packages/roover_serial_node
copying /home/livan/ros2_ws/src/build/roover_serial_node/build/lib/roover_serial_node/__init__.py -> /home/livan/ros2_ws/src/install/roover_serial_node/lib/python3.12/site-packages/roover_serial_node
byte-compiling /home/livan/ros2_ws/src/install/roover_serial_node/lib/python3.12/site-packages/roover_serial_node/serial_bridge.py to serial_bridge.cpython-312.pyc
byte-compiling /home/livan/ros2_ws/src/install/roover_serial_node/lib/python3.12/site-packages/roover_serial_node/__init__.py to __init__.cpython-312.pyc
running install_data
creating /home/livan/ros2_ws/src/install/roover_serial_node/share/ament_index
creating /home/livan/ros2_ws/src/install/roover_serial_node/share/ament_index/resource_index
creating /home/livan/ros2_ws/src/install/roover_serial_node/share/ament_index/resource_index/packages
copying resource/roover_serial_node -> /home/livan/ros2_ws/src/install/roover_serial_node/share/ament_index/resource_index/packages
copying package.xml -> /home/livan/ros2_ws/src/install/roover_serial_node/share/roover_serial_node
running install_egg_info
Copying ../build/roover_serial_node/roover_serial_node.egg-info to /home/livan/ros2_ws/src/install/roover_serial_node/lib/python3.12/site-packages/roover_serial_node-0.1.0-py3.12.egg-info
running install_scripts
Installing serial_bridge script to /home/livan/ros2_ws/src/install/roover_serial_node/lib/roover_serial_node
writing list of installed files to '/home/livan/ros2_ws/src/build/roover_serial_node/install.log'
