[1.105s] Invoking command in '/home/livan/ros2_ws/src/roover_serial_node': PYTHONPATH=/home/livan/ros2_ws/src/build/roover_serial_node/prefix_override:/usr/lib/python3/dist-packages/colcon_core/task/python/colcon_distutils_commands:/home/livan/ros2_ws/src/install/roover_serial_node/lib/python3.12/site-packages:${PYTHONPATH} /usr/bin/python3 -W ignore:setup.py install is deprecated -W ignore:easy_install command is deprecated setup.py egg_info --egg-base ../build/roover_serial_node build --build-base /home/livan/ros2_ws/src/build/roover_serial_node/build install --record /home/livan/ros2_ws/src/build/roover_serial_node/install.log --single-version-externally-managed
[1.420s] running egg_info
[1.442s] writing ../build/roover_serial_node/roover_serial_node.egg-info/PKG-INFO
[1.443s] writing dependency_links to ../build/roover_serial_node/roover_serial_node.egg-info/dependency_links.txt
[1.444s] writing entry points to ../build/roover_serial_node/roover_serial_node.egg-info/entry_points.txt
[1.445s] writing requirements to ../build/roover_serial_node/roover_serial_node.egg-info/requires.txt
[1.446s] writing top-level names to ../build/roover_serial_node/roover_serial_node.egg-info/top_level.txt
[1.495s] reading manifest file '../build/roover_serial_node/roover_serial_node.egg-info/SOURCES.txt'
[1.496s] writing manifest file '../build/roover_serial_node/roover_serial_node.egg-info/SOURCES.txt'
[1.496s] running build
[1.496s] running build_py
[1.496s] copying roover_serial_node/serial_feedback_node.py -> /home/livan/ros2_ws/src/build/roover_serial_node/build/lib/roover_serial_node
[1.497s] running install
[1.506s] running install_lib
[1.530s] copying /home/livan/ros2_ws/src/build/roover_serial_node/build/lib/roover_serial_node/serial_feedback_node.py -> /home/livan/ros2_ws/src/install/roover_serial_node/lib/python3.12/site-packages/roover_serial_node
[1.530s] byte-compiling /home/livan/ros2_ws/src/install/roover_serial_node/lib/python3.12/site-packages/roover_serial_node/serial_feedback_node.py to serial_feedback_node.cpython-312.pyc
[1.531s] running install_egg_info
[1.556s] removing '/home/livan/ros2_ws/src/install/roover_serial_node/lib/python3.12/site-packages/roover_serial_node-0.0.0-py3.12.egg-info' (and everything under it)
[1.557s] Copying ../build/roover_serial_node/roover_serial_node.egg-info to /home/livan/ros2_ws/src/install/roover_serial_node/lib/python3.12/site-packages/roover_serial_node-0.0.0-py3.12.egg-info
[1.558s] running install_scripts
[1.724s] Installing serial_feedback_node script to /home/livan/ros2_ws/src/install/roover_serial_node/lib/roover_serial_node
[1.724s] writing list of installed files to '/home/livan/ros2_ws/src/build/roover_serial_node/install.log'
[1.801s] Invoked command in '/home/livan/ros2_ws/src/roover_serial_node' returned '0': PYTHONPATH=/home/livan/ros2_ws/src/build/roover_serial_node/prefix_override:/usr/lib/python3/dist-packages/colcon_core/task/python/colcon_distutils_commands:/home/livan/ros2_ws/src/install/roover_serial_node/lib/python3.12/site-packages:${PYTHONPATH} /usr/bin/python3 -W ignore:setup.py install is deprecated -W ignore:easy_install command is deprecated setup.py egg_info --egg-base ../build/roover_serial_node build --build-base /home/livan/ros2_ws/src/build/roover_serial_node/build install --record /home/livan/ros2_ws/src/build/roover_serial_node/install.log --single-version-externally-managed
